2023-09-20 10:07:29,277	[INFO]	(client.py:159)_bot_login	[botpy] 登录机器人账号中...
2023-09-20 10:07:29,874	[INFO]	(client.py:178)_bot_init	[botpy] 程序启动...
2023-09-20 10:07:29,875	[INFO]	(connection.py:59)multi_run	[botpy] 最大并发连接数: 1, 启动会话数: 1
2023-09-20 10:07:29,875	[INFO]	(client.py:236)bot_connect	[botpy] 会话启动中...
2023-09-20 10:07:29,875	[INFO]	(gateway.py:110)ws_connect	[botpy] 启动中...
2023-09-20 10:07:30,071	[INFO]	(gateway.py:136)ws_identify	[botpy] 鉴权中...
2023-09-20 10:07:30,187	[INFO]	(gateway.py:80)on_message	[botpy] 机器人「CDUTCM机器人-测试中」启动成功！
2023-09-20 10:07:30,188	[INFO]	(gateway.py:217)_send_heart	[botpy] 心跳维持启动...
2023-09-21 04:12:50,738	[INFO]	(client.py:159)_bot_login	[botpy] 登录机器人账号中...
2023-09-21 04:12:51,359	[INFO]	(client.py:178)_bot_init	[botpy] 程序启动...
2023-09-21 04:12:51,359	[INFO]	(connection.py:59)multi_run	[botpy] 最大并发连接数: 1, 启动会话数: 1
2023-09-21 04:12:51,359	[INFO]	(client.py:236)bot_connect	[botpy] 会话启动中...
2023-09-21 04:12:51,360	[INFO]	(gateway.py:110)ws_connect	[botpy] 启动中...
2023-09-21 04:12:51,519	[INFO]	(gateway.py:136)ws_identify	[botpy] 鉴权中...
2023-09-21 04:12:51,620	[INFO]	(gateway.py:80)on_message	[botpy] 机器人「CDUTCM机器人」启动成功！
2023-09-21 04:12:51,620	[INFO]	(gateway.py:217)_send_heart	[botpy] 心跳维持启动...
2023-09-21 04:43:23,641	[INFO]	(client.py:159)_bot_login	[botpy] 登录机器人账号中...
2023-09-21 04:43:24,295	[INFO]	(client.py:178)_bot_init	[botpy] 程序启动...
2023-09-21 04:43:24,295	[INFO]	(connection.py:59)multi_run	[botpy] 最大并发连接数: 1, 启动会话数: 1
2023-09-21 04:43:24,296	[INFO]	(client.py:236)bot_connect	[botpy] 会话启动中...
2023-09-21 04:43:24,296	[INFO]	(gateway.py:110)ws_connect	[botpy] 启动中...
2023-09-21 04:43:24,491	[INFO]	(gateway.py:136)ws_identify	[botpy] 鉴权中...
2023-09-21 04:43:24,596	[INFO]	(gateway.py:80)on_message	[botpy] 机器人「CDUTCM机器人」启动成功！
2023-09-21 04:43:24,596	[INFO]	(gateway.py:217)_send_heart	[botpy] 心跳维持启动...
2023-09-21 04:50:36,014	[INFO]	(client.py:159)_bot_login	[botpy] 登录机器人账号中...
2023-09-21 04:50:36,492	[INFO]	(client.py:178)_bot_init	[botpy] 程序启动...
2023-09-21 04:50:36,492	[INFO]	(connection.py:59)multi_run	[botpy] 最大并发连接数: 1, 启动会话数: 1
2023-09-21 04:50:36,493	[INFO]	(client.py:236)bot_connect	[botpy] 会话启动中...
2023-09-21 04:50:36,493	[INFO]	(gateway.py:110)ws_connect	[botpy] 启动中...
2023-09-21 04:50:36,658	[INFO]	(gateway.py:136)ws_identify	[botpy] 鉴权中...
2023-09-21 04:50:36,760	[INFO]	(gateway.py:80)on_message	[botpy] 机器人「CDUTCM机器人」启动成功！
2023-09-21 04:50:36,760	[INFO]	(gateway.py:217)_send_heart	[botpy] 心跳维持启动...
2023-09-21 04:50:59,739	[INFO]	(client.py:159)_bot_login	[botpy] 登录机器人账号中...
2023-09-21 04:51:00,188	[INFO]	(client.py:178)_bot_init	[botpy] 程序启动...
2023-09-21 04:51:00,189	[INFO]	(connection.py:59)multi_run	[botpy] 最大并发连接数: 1, 启动会话数: 1
2023-09-21 04:51:00,189	[INFO]	(client.py:236)bot_connect	[botpy] 会话启动中...
2023-09-21 04:51:00,189	[INFO]	(gateway.py:110)ws_connect	[botpy] 启动中...
2023-09-21 04:51:00,352	[INFO]	(gateway.py:136)ws_identify	[botpy] 鉴权中...
2023-09-21 04:51:00,461	[INFO]	(gateway.py:80)on_message	[botpy] 机器人「CDUTCM机器人」启动成功！
2023-09-21 04:51:00,461	[INFO]	(gateway.py:217)_send_heart	[botpy] 心跳维持启动...
2023-09-21 05:26:16,338	[INFO]	(client.py:159)_bot_login	[botpy] 登录机器人账号中...
2023-09-21 05:26:17,019	[INFO]	(client.py:178)_bot_init	[botpy] 程序启动...
2023-09-21 05:26:17,019	[INFO]	(connection.py:59)multi_run	[botpy] 最大并发连接数: 1, 启动会话数: 1
2023-09-21 05:26:17,019	[INFO]	(client.py:236)bot_connect	[botpy] 会话启动中...
2023-09-21 05:26:17,019	[INFO]	(gateway.py:110)ws_connect	[botpy] 启动中...
2023-09-21 05:26:17,265	[INFO]	(gateway.py:136)ws_identify	[botpy] 鉴权中...
2023-09-21 05:26:17,367	[INFO]	(gateway.py:80)on_message	[botpy] 机器人「CDUTCM机器人」启动成功！
2023-09-21 05:26:17,367	[INFO]	(gateway.py:217)_send_heart	[botpy] 心跳维持启动...
